{
  "RSpec": {
    "coverage": {
      "/home/looping-instructions-2422/tic-tac-toe-rb-ruby-intro-000/lib/tic_tac_toe.rb": [
        null,
        1,
        null,
        null,
        null,
        null,
        null,
        null,
        null,
        null,
        null,
        null,
        null,
        null,
        1,
        7,
        7,
        7,
        7,
        7,
        null,
        null,
        1,
        6,
        6,
        null,
        1,
        5,
        null,
        1,
        4,
        null,
        null,
        1,
        6,
        6,
        5,
        null,
        1,
        null,
        null,
        null,
        6,
        5,
        3,
        null,
        2,
        null,
        null,
        null,
        6,
        3,
        null,
        3,
        null,
        null,
        null,
        null,
        1,
        5,
        5,
        45,
        5,
        null,
        null,
        5,
        null,
        null,
        null,
        null,
        null,
        1,
        3,
        3,
        3,
        3,
        null,
        3,
        2,
        2,
        null,
        1,
        1,
        null,
        3,
        null,
        null,
        1,
        4,
        4,
        4,
        null,
        0,
        null,
        null,
        null,
        1,
        3,
        3,
        3,
        null,
        null,
        2,
        1,
        null,
        1,
        null,
        null,
        null,
        null,
        null,
        1,
        21,
        138,
        138,
        138,
        null,
        138,
        138,
        138,
        null,
        138,
        7,
        131,
        2,
        null,
        null,
        12,
        null,
        null,
        1,
        79,
        null,
        null,
        1,
        8,
        2,
        null,
        6,
        null,
        null,
        null,
        null,
        null,
        1,
        11,
        7,
        null,
        4,
        null,
        null,
        null,
        1,
        12,
        0,
        null,
        0,
        0,
        0,
        0,
        0,
        null,
        null
      ]
    },
    "timestamp": 1595478906
  }
}
