{
  "RSpec": {
    "coverage": {
      "/home/looping-instructions-2422/tic-tac-toe-rb-ruby-intro-000/lib/tic_tac_toe.rb": [
        null,
        1,
        null,
        null,
        null,
        null,
        null,
        null,
        null,
        null,
        null,
        null,
        null,
        null,
        1,
        23,
        23,
        23,
        23,
        23,
        null,
        null,
        1,
        22,
        22,
        null,
        1,
        21,
        null,
        1,
        4,
        null,
        null,
        1,
        22,
        22,
        21,
        null,
        1,
        null,
        null,
        null,
        22,
        21,
        19,
        null,
        2,
        null,
        null,
        null,
        22,
        19,
        null,
        3,
        null,
        null,
        null,
        null,
        1,
        21,
        21,
        189,
        31,
        null,
        null,
        21,
        null,
        null,
        null,
        null,
        null,
        1,
        19,
        19,
        19,
        19,
        null,
        19,
        18,
        18,
        null,
        1,
        1,
        null,
        19,
        null,
        null,
        1,
        20,
        20,
        14,
        null,
        6,
        null,
        null,
        null,
        1,
        12,
        12,
        12,
        null,
        null,
        11,
        7,
        null,
        4,
        null,
        null,
        null,
        null,
        null,
        1,
        76,
        497,
        497,
        497,
        null,
        497,
        497,
        497,
        null,
        497,
        20,
        477,
        7,
        null,
        null,
        49,
        null,
        null,
        1,
        152,
        null,
        null,
        1,
        19,
        2,
        null,
        17,
        null,
        null,
        null,
        null,
        null,
        1,
        20,
        9,
        null,
        11,
        null,
        null,
        null,
        1,
        12,
        16,
        null,
        12,
        5,
        5,
        5,
        0,
        null,
        null
      ]
    },
    "timestamp": 1595478955
  }
}
